[2021-07-31T16:29:07.603] [DEBUG] cheese - login => username:zs,password:000000
[2021-07-31T16:29:07.604] [DEBUG] cheese - zs
[2021-07-31T16:29:07.737] [DEBUG] cheese - null
[2021-07-31T16:29:07.738] [DEBUG] cheese - null
[2021-07-31T16:29:51.766] [DEBUG] cheese - login => username:admin,password:123456
[2021-07-31T16:29:51.766] [DEBUG] cheese - admin
[2021-07-31T16:29:51.896] [DEBUG] cheese - null
[2021-07-31T16:29:51.897] [DEBUG] cheese - null
[2021-08-01T13:04:23.255] [DEBUG] cheese - login => username:admin,password:123456
[2021-08-01T13:04:23.258] [DEBUG] cheese - admin
[2021-08-01T13:04:23.411] [DEBUG] cheese - null
[2021-08-01T13:04:23.412] [DEBUG] cheese - null
[2021-08-01T16:14:53.353] [DEBUG] cheese - login => username:aaa,password:aaaaaa
[2021-08-01T16:14:53.355] [DEBUG] cheese - aaa
[2021-08-01T16:15:03.612] [DEBUG] cheese - null
[2021-08-01T16:15:03.612] [DEBUG] cheese - null
[2021-08-01T16:15:34.997] [DEBUG] cheese - login => username:aaa,password:aaaaaa
[2021-08-01T16:15:34.998] [DEBUG] cheese - aaa
[2021-08-01T16:15:35.124] [DEBUG] cheese - null
[2021-08-01T16:15:35.124] [DEBUG] cheese - null
[2021-08-01T16:18:27.677] [DEBUG] cheese - login => username:aaaa,password:      
[2021-08-01T16:18:27.677] [DEBUG] cheese - aaaa
[2021-08-01T16:18:27.802] [DEBUG] cheese - null
[2021-08-01T16:18:27.802] [DEBUG] cheese - null
[2021-08-01T16:20:52.905] [DEBUG] cheese - login => username:ddd,password:dddddd
[2021-08-01T16:20:52.905] [DEBUG] cheese - ddd
[2021-08-01T16:20:53.030] [DEBUG] cheese - null
[2021-08-01T16:20:53.030] [DEBUG] cheese - null
[2021-08-01T16:22:23.630] [DEBUG] cheese - login => username:aaa,password:aaaaaa
[2021-08-01T16:22:23.630] [DEBUG] cheese - aaa
[2021-08-01T16:22:23.755] [DEBUG] cheese - null
[2021-08-01T16:22:23.755] [DEBUG] cheese - null
[2021-08-01T16:22:32.191] [DEBUG] cheese - login => username:admin,password:123456
[2021-08-01T16:22:32.191] [DEBUG] cheese - admin
[2021-08-01T16:22:32.317] [DEBUG] cheese - null
[2021-08-01T16:22:32.317] [DEBUG] cheese - null
[2021-08-01T16:22:40.495] [DEBUG] cheese - login => username:admin,password:123456
[2021-08-01T16:22:40.495] [DEBUG] cheese - admin
[2021-08-01T16:22:40.621] [DEBUG] cheese - null
[2021-08-01T16:22:40.621] [DEBUG] cheese - null
[2021-08-01T16:23:07.136] [DEBUG] cheese - login => username:admin,password:123456
[2021-08-01T16:23:07.136] [DEBUG] cheese - admin
[2021-08-01T16:23:07.261] [DEBUG] cheese - null
[2021-08-01T16:23:07.261] [DEBUG] cheese - null
[2021-08-01T16:23:32.498] [DEBUG] cheese - login => username:admin,password:123456
[2021-08-01T16:23:32.498] [DEBUG] cheese - admin
[2021-08-01T16:23:32.622] [DEBUG] cheese - null
[2021-08-01T16:23:32.622] [DEBUG] cheese - null
[2021-08-01T16:24:29.736] [DEBUG] cheese - login => username:admin,password:123456
[2021-08-01T16:24:29.736] [DEBUG] cheese - admin
[2021-08-01T16:24:29.860] [DEBUG] cheese - null
[2021-08-01T16:24:29.860] [DEBUG] cheese - null
[2021-08-01T16:50:16.614] [DEBUG] cheese - login => username:aaa,password:         
[2021-08-01T16:50:16.614] [DEBUG] cheese - aaa
[2021-08-01T16:50:26.843] [DEBUG] cheese - null
[2021-08-01T16:50:26.843] [DEBUG] cheese - null
[2021-08-01T16:50:33.672] [DEBUG] cheese - login => username:aaa,password:      
[2021-08-01T16:50:33.672] [DEBUG] cheese - aaa
[2021-08-01T16:50:33.783] [DEBUG] cheese - null
[2021-08-01T16:50:33.783] [DEBUG] cheese - null
[2021-08-01T16:50:59.702] [DEBUG] cheese - login => username:aaa,password:       
[2021-08-01T16:50:59.702] [DEBUG] cheese - aaa
[2021-08-01T16:50:59.816] [DEBUG] cheese - null
[2021-08-01T16:50:59.816] [DEBUG] cheese - null
[2021-08-01T16:51:28.654] [DEBUG] cheese - login => username:admin,password:123456
[2021-08-01T16:51:28.654] [DEBUG] cheese - admin
[2021-08-01T16:51:28.770] [DEBUG] cheese - null
[2021-08-01T16:51:28.770] [DEBUG] cheese - null
[2021-08-01T16:57:24.847] [DEBUG] cheese - login => username:aaa,password:aaaaaaa
[2021-08-01T16:57:24.847] [DEBUG] cheese - aaa
[2021-08-01T16:57:35.080] [DEBUG] cheese - null
[2021-08-01T16:57:35.080] [DEBUG] cheese - null
[2021-08-01T16:57:51.547] [DEBUG] cheese - login => username:admin,password:123456
[2021-08-01T16:57:51.548] [DEBUG] cheese - admin
[2021-08-01T16:57:51.662] [DEBUG] cheese - null
[2021-08-01T16:57:51.662] [DEBUG] cheese - null
[2021-08-01T17:00:12.735] [DEBUG] cheese - login => username:admin,password:123456
[2021-08-01T17:00:12.735] [DEBUG] cheese - admin
[2021-08-01T17:00:12.850] [DEBUG] cheese - null
[2021-08-01T17:00:12.850] [DEBUG] cheese - null
[2021-08-01T17:03:03.365] [DEBUG] cheese - login => username:admin,password:123456
[2021-08-01T17:03:03.365] [DEBUG] cheese - admin
[2021-08-01T17:03:03.480] [DEBUG] cheese - null
[2021-08-01T17:03:03.480] [DEBUG] cheese - null
[2021-08-01T17:14:42.428] [DEBUG] cheese - login => username:admin,password:123456
[2021-08-01T17:14:42.428] [DEBUG] cheese - admin
[2021-08-01T17:14:52.668] [DEBUG] cheese - null
[2021-08-01T17:14:52.668] [DEBUG] cheese - null
[2021-08-01T18:04:03.817] [DEBUG] cheese - login => username:admin,password:123456
[2021-08-01T18:04:03.818] [DEBUG] cheese - admin
[2021-08-01T18:04:14.066] [DEBUG] cheese - null
[2021-08-01T18:04:14.066] [DEBUG] cheese - null
[2021-08-01T22:53:20.096] [DEBUG] cheese - login => username:admin,password:123456
[2021-08-01T22:53:20.096] [DEBUG] cheese - admin
[2021-08-01T22:53:30.336] [DEBUG] cheese - null
[2021-08-01T22:53:30.336] [DEBUG] cheese - null
[2021-08-01T22:55:24.567] [DEBUG] cheese - login => username:admin,password:123456
[2021-08-01T22:55:24.567] [DEBUG] cheese - admin
[2021-08-01T22:55:24.686] [DEBUG] cheese - null
[2021-08-01T22:55:24.686] [DEBUG] cheese - null
[2021-08-02T11:25:25.188] [DEBUG] cheese - login => username:admin,password:123456
[2021-08-02T11:25:25.189] [DEBUG] cheese - admin
[2021-08-02T11:25:25.318] [DEBUG] cheese - null
[2021-08-02T11:25:25.318] [DEBUG] cheese - null
[2021-08-03T13:58:43.930] [DEBUG] cheese - login => username:admin,password:123456
[2021-08-03T13:58:43.934] [DEBUG] cheese - admin
[2021-08-03T13:58:54.282] [DEBUG] cheese - login => username:admin,password:123456
[2021-08-03T13:58:54.283] [DEBUG] cheese - admin
[2021-08-03T13:58:54.523] [DEBUG] cheese - null
[2021-08-03T13:58:54.524] [DEBUG] cheese - null
[2021-08-03T13:59:04.057] [DEBUG] cheese - null
[2021-08-03T13:59:04.057] [DEBUG] cheese - null
[2021-08-03T18:07:25.968] [DEBUG] cheese - null
[2021-08-03T18:09:33.976] [DEBUG] cheese - null
[2021-08-03T18:11:26.524] [DEBUG] cheese - null
[2021-08-03T18:11:29.185] [DEBUG] cheese - null
[2021-08-04T15:58:37.560] [DEBUG] cheese - login => username:admin,password:123456
[2021-08-04T15:58:37.561] [DEBUG] cheese - admin
[2021-08-04T15:58:56.077] [DEBUG] cheese - login => username:admin,password:123456
[2021-08-04T15:58:56.077] [DEBUG] cheese - admin
[2021-08-04T15:58:56.322] [DEBUG] cheese - null
[2021-08-04T15:58:56.322] [DEBUG] cheese - null
[2021-08-04T15:58:57.691] [DEBUG] cheese - null
[2021-08-04T15:58:57.691] [DEBUG] cheese - null
[2021-08-05T16:07:52.410] [DEBUG] cheese - login => username:admin,password:123456
[2021-08-05T16:07:52.512] [DEBUG] cheese - admin
[2021-08-05T16:08:03.829] [DEBUG] cheese - login => username:admin,password:123456
[2021-08-05T16:08:03.829] [DEBUG] cheese - admin
[2021-08-05T16:08:04.067] [DEBUG] cheese - null
[2021-08-05T16:08:04.175] [DEBUG] cheese - null
[2021-08-05T16:08:12.633] [DEBUG] cheese - null
[2021-08-05T16:08:12.633] [DEBUG] cheese - null
[2021-08-06T16:08:57.045] [DEBUG] cheese - login => username:admin,password:123456
[2021-08-06T16:08:57.046] [DEBUG] cheese - admin
[2021-08-06T16:08:57.177] [DEBUG] cheese - null
[2021-08-06T16:08:57.177] [DEBUG] cheese - null
[2021-08-06T16:13:26.468] [DEBUG] cheese - login => username:admin,password:123456
[2021-08-06T16:13:26.469] [DEBUG] cheese - admin
[2021-08-06T16:13:26.599] [DEBUG] cheese - null
[2021-08-06T16:13:26.600] [DEBUG] cheese - null
[2021-08-06T17:05:01.679] [DEBUG] cheese - login => username:admin,password:123456
[2021-08-06T17:05:01.680] [DEBUG] cheese - admin
[2021-08-06T17:05:03.289] [DEBUG] cheese - login => username:admin,password:123456
[2021-08-06T17:05:03.289] [DEBUG] cheese - admin
[2021-08-06T17:05:03.520] [DEBUG] cheese - null
[2021-08-06T17:05:03.520] [DEBUG] cheese - null
[2021-08-06T17:05:11.837] [DEBUG] cheese - null
[2021-08-06T17:05:11.837] [DEBUG] cheese - null
[2021-08-07T16:40:35.061] [DEBUG] cheese - login => username:admin,password:123456
[2021-08-07T16:40:35.281] [DEBUG] cheese - admin
[2021-08-07T16:40:35.736] [DEBUG] cheese - null
[2021-08-07T16:40:35.814] [DEBUG] cheese - null
[2021-08-07T19:37:34.434] [DEBUG] cheese - login => username:admin,password:123456
[2021-08-07T19:37:34.435] [DEBUG] cheese - admin
[2021-08-07T19:37:34.580] [DEBUG] cheese - null
[2021-08-07T19:37:34.581] [DEBUG] cheese - null
[2021-08-07T21:10:11.122] [DEBUG] cheese - null
[2021-08-07T23:46:09.212] [DEBUG] cheese - login => username:admin,password:123456
[2021-08-07T23:46:09.213] [DEBUG] cheese - admin
[2021-08-07T23:46:19.456] [DEBUG] cheese - null
[2021-08-07T23:46:19.457] [DEBUG] cheese - null
[2021-08-08T00:05:49.167] [DEBUG] cheese - login => username:admin,password:123456
[2021-08-08T00:05:49.167] [DEBUG] cheese - admin
[2021-08-08T00:05:50.290] [DEBUG] cheese - login => username:admin,password:123456
[2021-08-08T00:05:50.290] [DEBUG] cheese - admin
[2021-08-08T00:05:59.423] [DEBUG] cheese - null
[2021-08-08T00:05:59.423] [DEBUG] cheese - null
[2021-08-08T00:06:00.417] [DEBUG] cheese - null
[2021-08-08T00:06:00.417] [DEBUG] cheese - null
[2021-08-08T13:41:13.148] [DEBUG] cheese - login => username:admin,password:123456
[2021-08-08T13:41:13.148] [DEBUG] cheese - admin
[2021-08-08T13:41:13.275] [DEBUG] cheese - null
[2021-08-08T13:41:13.275] [DEBUG] cheese - null
[2021-08-08T14:08:08.024] [DEBUG] cheese - login => username:admin,password:123456
[2021-08-08T14:08:08.024] [DEBUG] cheese - admin
[2021-08-08T14:08:25.740] [DEBUG] cheese - login => username:admin,password:123456
[2021-08-08T14:08:25.740] [DEBUG] cheese - admin
[2021-08-08T14:08:26.009] [DEBUG] cheese - null
[2021-08-08T14:08:26.009] [DEBUG] cheese - null
[2021-08-08T14:08:28.167] [DEBUG] cheese - null
[2021-08-08T14:08:28.167] [DEBUG] cheese - null
[2021-08-08T14:10:38.453] [DEBUG] cheese - login => username:admin,password:123456
[2021-08-08T14:10:38.453] [DEBUG] cheese - admin
[2021-08-08T14:10:38.603] [DEBUG] cheese - null
[2021-08-08T14:10:38.603] [DEBUG] cheese - null
[2021-08-08T14:10:53.794] [DEBUG] cheese - login => username:admin,password:123456
[2021-08-08T14:10:53.794] [DEBUG] cheese - admin
[2021-08-08T14:10:53.926] [DEBUG] cheese - null
[2021-08-08T14:10:53.926] [DEBUG] cheese - null
[2021-08-08T14:17:39.286] [DEBUG] cheese - login => username:admin,password:123456
[2021-08-08T14:17:39.286] [DEBUG] cheese - admin
[2021-08-08T14:17:39.428] [DEBUG] cheese - null
[2021-08-08T14:17:39.428] [DEBUG] cheese - null
